{"numTotalTestSuites":4,"numPassedTestSuites":4,"numFailedTestSuites":0,"numPendingTestSuites":0,"numTotalTests":11,"numPassedTests":11,"numFailedTests":0,"numPendingTests":0,"numTodoTests":0,"snapshot":{"added":0,"failure":false,"filesAdded":0,"filesRemoved":0,"filesRemovedList":[],"filesUnmatched":0,"filesUpdated":0,"matched":0,"total":0,"unchecked":0,"uncheckedKeysByFile":[],"unmatched":0,"updated":0,"didUpdate":false},"startTime":1780920002765,"success":true,"testResults":[{"assertionResults":[{"ancestorTitles":["acquireSessionLock"],"fullName":"acquireSessionLock returns null when no lock exists","status":"passed","title":"returns null when no lock exists","duration":5.90522100000004,"failureMessages":[],"meta":{},"tags":[]},{"ancestorTitles":["acquireSessionLock"],"fullName":"acquireSessionLock returns session info when lock is fresh","status":"passed","title":"returns session info when lock is fresh","duration":5.725410000000011,"failureMessages":[],"meta":{},"tags":[]},{"ancestorTitles":["acquireSessionLock"],"fullName":"acquireSessionLock returns null when lock is expired","status":"passed","title":"returns null when lock is expired","duration":2.684889999999996,"failureMessages":[],"meta":{},"tags":[]},{"ancestorTitles":["acquireSessionLock"],"fullName":"acquireSessionLock respects custom max age","status":"passed","title":"respects custom max age","duration":4.26821799999999,"failureMessages":[],"meta":{},"tags":[]},{"ancestorTitles":["acquireSessionLock"],"fullName":"acquireSessionLock returns null on corrupt lock file","status":"passed","title":"returns null on corrupt lock file","duration":2.576951000000008,"failureMessages":[],"meta":{},"tags":[]},{"ancestorTitles":["acquireSessionLock"],"fullName":"acquireSessionLock returns null on missing fields","status":"passed","title":"returns null on missing fields","duration":2.7523419999999987,"failureMessages":[],"meta":{},"tags":[]},{"ancestorTitles":["writeSessionLock"],"fullName":"writeSessionLock creates lock file with correct format","status":"passed","title":"creates lock file with correct format","duration":3.779481999999973,"failureMessages":[],"meta":{},"tags":[]},{"ancestorTitles":["writeSessionLock"],"fullName":"writeSessionLock overwrites existing lock","status":"passed","title":"overwrites existing lock","duration":3.4972910000000184,"failureMessages":[],"meta":{},"tags":[]},{"ancestorTitles":["releaseSessionLock"],"fullName":"releaseSessionLock removes lock file","status":"passed","title":"removes lock file","duration":2.0452250000000163,"failureMessages":[],"meta":{},"tags":[]},{"ancestorTitles":["releaseSessionLock"],"fullName":"releaseSessionLock no error when lock does not exist","status":"passed","title":"no error when lock does not exist","duration":1.1695209999999747,"failureMessages":[],"meta":{},"tags":[]},{"ancestorTitles":["releaseSessionLock"],"fullName":"releaseSessionLock different servers have independent locks","status":"passed","title":"different servers have independent locks","duration":3.2817210000000046,"failureMessages":[],"meta":{},"tags":[]}],"startTime":1780920003068,"endTime":1780920003106.2817,"status":"passed","message":"","name":"/app/packages/core-ts/tests/storage/session-lock.test.ts"}],"coverageMap":{"/app/packages/core-ts/src/storage/session-lock.ts":{"path":"/app/packages/core-ts/src/storage/session-lock.ts","statementMap":{"0":{"start":{"line":16,"column":6},"end":{"line":16,"column":null}},"1":{"start":{"line":17,"column":25},"end":{"line":17,"column":null}},"2":{"start":{"line":19,"column":27},"end":{"line":19,"column":null}},"3":{"start":{"line":22,"column":37},"end":{"line":22,"column":null}},"4":{"start":{"line":25,"column":2},"end":{"line":25,"column":null}},"5":{"start":{"line":29,"column":2},"end":{"line":29,"column":null}},"6":{"start":{"line":33,"column":2},"end":{"line":33,"column":null}},"7":{"start":{"line":52,"column":15},"end":{"line":52,"column":null}},"8":{"start":{"line":53,"column":2},"end":{"line":93,"column":null}},"9":{"start":{"line":54,"column":4},"end":{"line":56,"column":null}},"10":{"start":{"line":55,"column":6},"end":{"line":55,"column":null}},"11":{"start":{"line":58,"column":16},"end":{"line":58,"column":null}},"12":{"start":{"line":59,"column":17},"end":{"line":59,"column":null}},"13":{"start":{"line":62,"column":4},"end":{"line":69,"column":null}},"14":{"start":{"line":67,"column":6},"end":{"line":67,"column":null}},"15":{"start":{"line":68,"column":6},"end":{"line":68,"column":null}},"16":{"start":{"line":71,"column":30},"end":{"line":75,"column":null}},"17":{"start":{"line":77,"column":16},"end":{"line":77,"column":null}},"18":{"start":{"line":78,"column":4},"end":{"line":82,"column":null}},"19":{"start":{"line":80,"column":6},"end":{"line":80,"column":null}},"20":{"start":{"line":81,"column":6},"end":{"line":81,"column":null}},"21":{"start":{"line":84,"column":4},"end":{"line":84,"column":null}},"22":{"start":{"line":87,"column":4},"end":{"line":91,"column":null}},"23":{"start":{"line":88,"column":6},"end":{"line":88,"column":null}},"24":{"start":{"line":92,"column":4},"end":{"line":92,"column":null}},"25":{"start":{"line":97,"column":15},"end":{"line":97,"column":null}},"26":{"start":{"line":98,"column":8},"end":{"line":98,"column":null}},"27":{"start":{"line":99,"column":2},"end":{"line":101,"column":null}},"28":{"start":{"line":100,"column":4},"end":{"line":100,"column":null}},"29":{"start":{"line":103,"column":32},"end":{"line":107,"column":null}},"30":{"start":{"line":110,"column":18},"end":{"line":110,"column":null}},"31":{"start":{"line":111,"column":2},"end":{"line":111,"column":null}},"32":{"start":{"line":112,"column":2},"end":{"line":112,"column":null}},"33":{"start":{"line":116,"column":15},"end":{"line":116,"column":null}},"34":{"start":{"line":117,"column":2},"end":{"line":123,"column":null}},"35":{"start":{"line":118,"column":4},"end":{"line":120,"column":null}},"36":{"start":{"line":119,"column":6},"end":{"line":119,"column":null}}},"fnMap":{"0":{"name":"setLockDir","decl":{"start":{"line":24,"column":16},"end":{"line":24,"column":27}},"loc":{"start":{"line":24,"column":54},"end":{"line":26,"column":null}},"line":24},"1":{"name":"getLockDir","decl":{"start":{"line":28,"column":9},"end":{"line":28,"column":30}},"loc":{"start":{"line":28,"column":30},"end":{"line":30,"column":null}},"line":28},"2":{"name":"lockPath","decl":{"start":{"line":32,"column":9},"end":{"line":32,"column":18}},"loc":{"start":{"line":32,"column":46},"end":{"line":34,"column":null}},"line":32},"3":{"name":"acquireSessionLock","decl":{"start":{"line":48,"column":22},"end":{"line":48,"column":null}},"loc":{"start":{"line":51,"column":31},"end":{"line":94,"column":null}},"line":51},"4":{"name":"writeSessionLock","decl":{"start":{"line":96,"column":22},"end":{"line":96,"column":39}},"loc":{"start":{"line":96,"column":93},"end":{"line":113,"column":null}},"line":96},"5":{"name":"releaseSessionLock","decl":{"start":{"line":115,"column":22},"end":{"line":115,"column":41}},"loc":{"start":{"line":115,"column":76},"end":{"line":124,"column":null}},"line":115}},"branchMap":{"0":{"loc":{"start":{"line":29,"column":9},"end":{"line":29,"column":null}},"type":"binary-expr","locations":[{"start":{"line":29,"column":9},"end":{"line":29,"column":28}},{"start":{"line":29,"column":28},"end":{"line":29,"column":null}}],"line":29},"1":{"loc":{"start":{"line":50,"column":2},"end":{"line":50,"column":null}},"type":"default-arg","locations":[{"start":{"line":50,"column":13},"end":{"line":50,"column":null}}],"line":50},"2":{"loc":{"start":{"line":54,"column":4},"end":{"line":56,"column":null}},"type":"if","locations":[{"start":{"line":54,"column":4},"end":{"line":56,"column":null}},{"start":{},"end":{}}],"line":54},"3":{"loc":{"start":{"line":62,"column":4},"end":{"line":69,"column":null}},"type":"if","locations":[{"start":{"line":62,"column":4},"end":{"line":69,"column":null}},{"start":{},"end":{}}],"line":62},"4":{"loc":{"start":{"line":63,"column":6},"end":{"line":65,"column":null}},"type":"binary-expr","locations":[{"start":{"line":63,"column":6},"end":{"line":63,"column":null}},{"start":{"line":64,"column":6},"end":{"line":64,"column":null}},{"start":{"line":65,"column":6},"end":{"line":65,"column":null}}],"line":63},"5":{"loc":{"start":{"line":78,"column":4},"end":{"line":82,"column":null}},"type":"if","locations":[{"start":{"line":78,"column":4},"end":{"line":82,"column":null}},{"start":{},"end":{}}],"line":78},"6":{"loc":{"start":{"line":99,"column":2},"end":{"line":101,"column":null}},"type":"if","locations":[{"start":{"line":99,"column":2},"end":{"line":101,"column":null}},{"start":{},"end":{}}],"line":99},"7":{"loc":{"start":{"line":118,"column":4},"end":{"line":120,"column":null}},"type":"if","locations":[{"start":{"line":118,"column":4},"end":{"line":120,"column":null}},{"start":{},"end":{}}],"line":118}},"s":{"0":1,"1":1,"2":1,"3":1,"4":22,"5":27,"6":27,"7":10,"8":10,"9":10,"10":2,"11":8,"12":8,"13":8,"14":1,"15":1,"16":6,"17":6,"18":6,"19":2,"20":2,"21":4,"22":1,"23":1,"24":1,"25":10,"26":10,"27":10,"28":0,"29":10,"30":10,"31":10,"32":10,"33":7,"34":7,"35":7,"36":6},"f":{"0":22,"1":27,"2":27,"3":10,"4":10,"5":7},"b":{"0":[27,0],"1":[10],"2":[2,8],"3":[1,7],"4":[8,7,6],"5":[2,4],"6":[0,10],"7":[6,1]},"meta":{"lastBranch":8,"lastFunction":6,"lastStatement":37,"seen":{"s:16:6:16:Infinity":0,"s:17:25:17:Infinity":1,"s:19:27:19:Infinity":2,"s:22:37:22:Infinity":3,"f:24:16:24:27":0,"s:25:2:25:Infinity":4,"f:28:9:28:30":1,"s:29:2:29:Infinity":5,"b:29:9:29:28:29:28:29:Infinity":0,"f:32:9:32:18":2,"s:33:2:33:Infinity":6,"f:48:22:48:Infinity":3,"b:50:13:50:Infinity":1,"s:52:15:52:Infinity":7,"s:53:2:93:Infinity":8,"b:54:4:56:Infinity:undefined:undefined:undefined:undefined":2,"s:54:4:56:Infinity":9,"s:55:6:55:Infinity":10,"s:58:16:58:Infinity":11,"s:59:17:59:Infinity":12,"b:62:4:69:Infinity:undefined:undefined:undefined:undefined":3,"s:62:4:69:Infinity":13,"b:63:6:63:Infinity:64:6:64:Infinity:65:6:65:Infinity":4,"s:67:6:67:Infinity":14,"s:68:6:68:Infinity":15,"s:71:30:75:Infinity":16,"s:77:16:77:Infinity":17,"b:78:4:82:Infinity:undefined:undefined:undefined:undefined":5,"s:78:4:82:Infinity":18,"s:80:6:80:Infinity":19,"s:81:6:81:Infinity":20,"s:84:4:84:Infinity":21,"s:87:4:91:Infinity":22,"s:88:6:88:Infinity":23,"s:92:4:92:Infinity":24,"f:96:22:96:39":4,"s:97:15:97:Infinity":25,"s:98:8:98:Infinity":26,"b:99:2:101:Infinity:undefined:undefined:undefined:undefined":6,"s:99:2:101:Infinity":27,"s:100:4:100:Infinity":28,"s:103:32:107:Infinity":29,"s:110:18:110:Infinity":30,"s:111:2:111:Infinity":31,"s:112:2:112:Infinity":32,"f:115:22:115:41":5,"s:116:15:116:Infinity":33,"s:117:2:123:Infinity":34,"b:118:4:120:Infinity:undefined:undefined:undefined:undefined":7,"s:118:4:120:Infinity":35,"s:119:6:119:Infinity":36}}}}}
[34m % [39m[2mCoverage report from [22m[33mv8[39m
-----------------|---------|----------|---------|---------|-------------------
File             | % Stmts | % Branch | % Funcs | % Lines | Uncovered Line #s
-----------------|---------|----------|---------|---------|-------------------
All files        |   97.29 |     87.5 |     100 |   97.29 |
 session-lock.ts |   97.29 |     87.5 |     100 |   97.29 | 100
-----------------|---------|----------|---------|---------|-------------------
